2024-01-02 18:25:21.487 [info] Extension host with pid 9235 started
2024-01-02 18:25:21.512 [info] Lock '/home/staer/.vscode-server/data/User/workspaceStorage/85653a9502b7c7cc821bf0a477d4edfe/vscode.lock': Lock acquired.
2024-01-02 18:25:21.577 [info] ExtensionService#_doActivateExtension vscode.emmet, startup: false, activationEvent: 'onLanguage'
2024-01-02 18:25:21.581 [info] ExtensionService#_doActivateExtension vscode.tunnel-forwarding, startup: false, activationEvent: 'onTunnel'
2024-01-02 18:25:21.582 [info] ExtensionService#_doActivateExtension ms-python.python, startup: false, activationEvent: 'onLanguage:python'
2024-01-02 18:25:22.805 [info] ExtensionService#_doActivateExtension vscode.git-base, startup: true, activationEvent: '*', root cause: vscode.git
2024-01-02 18:25:23.129 [info] ExtensionService#_doActivateExtension vscode.git, startup: true, activationEvent: '*'
2024-01-02 18:25:23.130 [info] ExtensionService#_doActivateExtension vscode.github, startup: true, activationEvent: '*'
2024-01-02 18:25:23.640 [info] ExtensionService#_doActivateExtension ms-python.vscode-pylance, startup: false, activationEvent: 'onLanguage:python'
2024-01-02 18:25:24.427 [info] Eager extensions activated
2024-01-02 18:25:24.427 [info] ExtensionService#_doActivateExtension vscode.debug-auto-launch, startup: false, activationEvent: 'onStartupFinished'
2024-01-02 18:25:24.428 [info] ExtensionService#_doActivateExtension vscode.merge-conflict, startup: false, activationEvent: 'onStartupFinished'
2024-01-02 18:25:33.158 [warning] [Decorations] CAPPING events from decorations provider vscode.git 10000
2024-01-02 18:25:34.935 [warning] [Decorations] CAPPING events from decorations provider vscode.git 10011
2024-01-02 18:25:44.347 [warning] [Decorations] CAPPING events from decorations provider vscode.git 10011
2024-01-02 18:25:57.390 [warning] [Decorations] CAPPING events from decorations provider vscode.git 10011
2024-01-02 18:26:20.998 [warning] [Decorations] CAPPING events from decorations provider vscode.git 10011
2024-01-02 18:27:06.773 [warning] [Decorations] CAPPING events from decorations provider vscode.git 10011
2024-01-02 18:29:27.672 [info] ExtensionService#_doActivateExtension vscode.npm, startup: false, activationEvent: 'onTerminalQuickFixRequest:ms-vscode.npm-command'
2024-01-02 18:31:45.242 [warning] [Decorations] CAPPING events from decorations provider vscode.git 10023
2024-01-02 20:05:36.378 [warning] [Decorations] CAPPING events from decorations provider vscode.git 10000
2024-01-02 20:06:17.775 [warning] [Decorations] CAPPING events from decorations provider vscode.git 10000
2024-01-02 20:08:21.663 [warning] [Decorations] CAPPING events from decorations provider vscode.git 10000
2024-01-02 20:08:34.707 [warning] [Decorations] CAPPING events from decorations provider vscode.git 10000
2024-01-02 20:08:42.699 [warning] [Decorations] CAPPING events from decorations provider vscode.git 10000
2024-01-02 20:08:47.718 [warning] [Decorations] CAPPING events from decorations provider vscode.git 10000
2024-01-02 20:08:57.528 [warning] [Decorations] CAPPING events from decorations provider vscode.git 10000
2024-01-02 20:10:17.282 [warning] [Decorations] CAPPING events from decorations provider vscode.git 10000
2024-01-02 20:10:57.837 [warning] [Decorations] CAPPING events from decorations provider vscode.git 10000
2024-01-02 20:11:56.205 [warning] [Decorations] CAPPING events from decorations provider vscode.git 10000
2024-01-02 20:11:59.360 [warning] [Decorations] CAPPING events from decorations provider vscode.git 10000
2024-01-02 20:12:28.719 [warning] [Decorations] CAPPING events from decorations provider vscode.git 10000
2024-01-02 20:38:26.151 [info] ExtensionService#_doActivateExtension vscode.debug-server-ready, startup: false, activationEvent: 'onDebugResolve'
2024-01-02 20:38:47.112 [error] Error: Invalid debug adapter
    at v.m (vscode-file://vscode-app/c:/Users/david/AppData/Local/Programs/Microsoft%20VS%20Code/resources/app/out/vs/workbench/workbench.desktop.main.js:1553:95)
    at v.$acceptDAError (vscode-file://vscode-app/c:/Users/david/AppData/Local/Programs/Microsoft%20VS%20Code/resources/app/out/vs/workbench/workbench.desktop.main.js:1552:7629)
    at m.S (vscode-file://vscode-app/c:/Users/david/AppData/Local/Programs/Microsoft%20VS%20Code/resources/app/out/vs/workbench/workbench.desktop.main.js:1561:18889)
    at m.Q (vscode-file://vscode-app/c:/Users/david/AppData/Local/Programs/Microsoft%20VS%20Code/resources/app/out/vs/workbench/workbench.desktop.main.js:1561:18655)
    at m.M (vscode-file://vscode-app/c:/Users/david/AppData/Local/Programs/Microsoft%20VS%20Code/resources/app/out/vs/workbench/workbench.desktop.main.js:1561:17748)
    at m.L (vscode-file://vscode-app/c:/Users/david/AppData/Local/Programs/Microsoft%20VS%20Code/resources/app/out/vs/workbench/workbench.desktop.main.js:1561:16827)
    at o.value (vscode-file://vscode-app/c:/Users/david/AppData/Local/Programs/Microsoft%20VS%20Code/resources/app/out/vs/workbench/workbench.desktop.main.js:1561:15630)
    at u.y (vscode-file://vscode-app/c:/Users/david/AppData/Local/Programs/Microsoft%20VS%20Code/resources/app/out/vs/workbench/workbench.desktop.main.js:87:1902)
    at u.fire (vscode-file://vscode-app/c:/Users/david/AppData/Local/Programs/Microsoft%20VS%20Code/resources/app/out/vs/workbench/workbench.desktop.main.js:87:2119)
    at s.fire (vscode-file://vscode-app/c:/Users/david/AppData/Local/Programs/Microsoft%20VS%20Code/resources/app/out/vs/workbench/workbench.desktop.main.js:616:14449)
    at b.z (vscode-file://vscode-app/c:/Users/david/AppData/Local/Programs/Microsoft%20VS%20Code/resources/app/out/vs/workbench/workbench.desktop.main.js:616:17514)
    at o.value (vscode-file://vscode-app/c:/Users/david/AppData/Local/Programs/Microsoft%20VS%20Code/resources/app/out/vs/workbench/workbench.desktop.main.js:616:15966)
    at u.y (vscode-file://vscode-app/c:/Users/david/AppData/Local/Programs/Microsoft%20VS%20Code/resources/app/out/vs/workbench/workbench.desktop.main.js:87:1902)
    at u.fire (vscode-file://vscode-app/c:/Users/david/AppData/Local/Programs/Microsoft%20VS%20Code/resources/app/out/vs/workbench/workbench.desktop.main.js:87:2119)
    at o.acceptChunk (vscode-file://vscode-app/c:/Users/david/AppData/Local/Programs/Microsoft%20VS%20Code/resources/app/out/vs/workbench/workbench.desktop.main.js:616:12223)
    at vscode-file://vscode-app/c:/Users/david/AppData/Local/Programs/Microsoft%20VS%20Code/resources/app/out/vs/workbench/workbench.desktop.main.js:616:11510
    at o.value (vscode-file://vscode-app/c:/Users/david/AppData/Local/Programs/Microsoft%20VS%20Code/resources/app/out/vs/workbench/workbench.desktop.main.js:676:4915)
    at u.y (vscode-file://vscode-app/c:/Users/david/AppData/Local/Programs/Microsoft%20VS%20Code/resources/app/out/vs/workbench/workbench.desktop.main.js:87:1902)
    at u.fire (vscode-file://vscode-app/c:/Users/david/AppData/Local/Programs/Microsoft%20VS%20Code/resources/app/out/vs/workbench/workbench.desktop.main.js:87:2119)
    at j.onload (vscode-file://vscode-app/c:/Users/david/AppData/Local/Programs/Microsoft%20VS%20Code/resources/app/out/vs/workbench/workbench.desktop.main.js:676:3306)
2024-01-02 20:38:47.139 [error] Error: Invalid debug adapter
    at v.m (vscode-file://vscode-app/c:/Users/david/AppData/Local/Programs/Microsoft%20VS%20Code/resources/app/out/vs/workbench/workbench.desktop.main.js:1553:95)
    at v.$acceptDAExit (vscode-file://vscode-app/c:/Users/david/AppData/Local/Programs/Microsoft%20VS%20Code/resources/app/out/vs/workbench/workbench.desktop.main.js:1553:35)
    at m.S (vscode-file://vscode-app/c:/Users/david/AppData/Local/Programs/Microsoft%20VS%20Code/resources/app/out/vs/workbench/workbench.desktop.main.js:1561:18889)
    at m.Q (vscode-file://vscode-app/c:/Users/david/AppData/Local/Programs/Microsoft%20VS%20Code/resources/app/out/vs/workbench/workbench.desktop.main.js:1561:18655)
    at m.M (vscode-file://vscode-app/c:/Users/david/AppData/Local/Programs/Microsoft%20VS%20Code/resources/app/out/vs/workbench/workbench.desktop.main.js:1561:17748)
    at m.L (vscode-file://vscode-app/c:/Users/david/AppData/Local/Programs/Microsoft%20VS%20Code/resources/app/out/vs/workbench/workbench.desktop.main.js:1561:16966)
    at o.value (vscode-file://vscode-app/c:/Users/david/AppData/Local/Programs/Microsoft%20VS%20Code/resources/app/out/vs/workbench/workbench.desktop.main.js:1561:15630)
    at u.y (vscode-file://vscode-app/c:/Users/david/AppData/Local/Programs/Microsoft%20VS%20Code/resources/app/out/vs/workbench/workbench.desktop.main.js:87:1902)
    at u.fire (vscode-file://vscode-app/c:/Users/david/AppData/Local/Programs/Microsoft%20VS%20Code/resources/app/out/vs/workbench/workbench.desktop.main.js:87:2119)
    at s.fire (vscode-file://vscode-app/c:/Users/david/AppData/Local/Programs/Microsoft%20VS%20Code/resources/app/out/vs/workbench/workbench.desktop.main.js:616:14449)
    at b.z (vscode-file://vscode-app/c:/Users/david/AppData/Local/Programs/Microsoft%20VS%20Code/resources/app/out/vs/workbench/workbench.desktop.main.js:616:17514)
    at o.value (vscode-file://vscode-app/c:/Users/david/AppData/Local/Programs/Microsoft%20VS%20Code/resources/app/out/vs/workbench/workbench.desktop.main.js:616:15966)
    at u.y (vscode-file://vscode-app/c:/Users/david/AppData/Local/Programs/Microsoft%20VS%20Code/resources/app/out/vs/workbench/workbench.desktop.main.js:87:1902)
    at u.fire (vscode-file://vscode-app/c:/Users/david/AppData/Local/Programs/Microsoft%20VS%20Code/resources/app/out/vs/workbench/workbench.desktop.main.js:87:2119)
    at o.acceptChunk (vscode-file://vscode-app/c:/Users/david/AppData/Local/Programs/Microsoft%20VS%20Code/resources/app/out/vs/workbench/workbench.desktop.main.js:616:12223)
    at vscode-file://vscode-app/c:/Users/david/AppData/Local/Programs/Microsoft%20VS%20Code/resources/app/out/vs/workbench/workbench.desktop.main.js:616:11510
    at o.value (vscode-file://vscode-app/c:/Users/david/AppData/Local/Programs/Microsoft%20VS%20Code/resources/app/out/vs/workbench/workbench.desktop.main.js:676:4915)
    at u.y (vscode-file://vscode-app/c:/Users/david/AppData/Local/Programs/Microsoft%20VS%20Code/resources/app/out/vs/workbench/workbench.desktop.main.js:87:1902)
    at u.fire (vscode-file://vscode-app/c:/Users/david/AppData/Local/Programs/Microsoft%20VS%20Code/resources/app/out/vs/workbench/workbench.desktop.main.js:87:2119)
    at j.onload (vscode-file://vscode-app/c:/Users/david/AppData/Local/Programs/Microsoft%20VS%20Code/resources/app/out/vs/workbench/workbench.desktop.main.js:676:3306)
2024-01-02 20:38:47.139 [error] Error: Invalid debug adapter
    at v.m (vscode-file://vscode-app/c:/Users/david/AppData/Local/Programs/Microsoft%20VS%20Code/resources/app/out/vs/workbench/workbench.desktop.main.js:1553:95)
    at v.$acceptDAError (vscode-file://vscode-app/c:/Users/david/AppData/Local/Programs/Microsoft%20VS%20Code/resources/app/out/vs/workbench/workbench.desktop.main.js:1552:7629)
    at m.S (vscode-file://vscode-app/c:/Users/david/AppData/Local/Programs/Microsoft%20VS%20Code/resources/app/out/vs/workbench/workbench.desktop.main.js:1561:18889)
    at m.Q (vscode-file://vscode-app/c:/Users/david/AppData/Local/Programs/Microsoft%20VS%20Code/resources/app/out/vs/workbench/workbench.desktop.main.js:1561:18655)
    at m.M (vscode-file://vscode-app/c:/Users/david/AppData/Local/Programs/Microsoft%20VS%20Code/resources/app/out/vs/workbench/workbench.desktop.main.js:1561:17748)
    at m.L (vscode-file://vscode-app/c:/Users/david/AppData/Local/Programs/Microsoft%20VS%20Code/resources/app/out/vs/workbench/workbench.desktop.main.js:1561:16827)
    at o.value (vscode-file://vscode-app/c:/Users/david/AppData/Local/Programs/Microsoft%20VS%20Code/resources/app/out/vs/workbench/workbench.desktop.main.js:1561:15630)
    at u.y (vscode-file://vscode-app/c:/Users/david/AppData/Local/Programs/Microsoft%20VS%20Code/resources/app/out/vs/workbench/workbench.desktop.main.js:87:1902)
    at u.fire (vscode-file://vscode-app/c:/Users/david/AppData/Local/Programs/Microsoft%20VS%20Code/resources/app/out/vs/workbench/workbench.desktop.main.js:87:2119)
    at s.fire (vscode-file://vscode-app/c:/Users/david/AppData/Local/Programs/Microsoft%20VS%20Code/resources/app/out/vs/workbench/workbench.desktop.main.js:616:14449)
    at b.z (vscode-file://vscode-app/c:/Users/david/AppData/Local/Programs/Microsoft%20VS%20Code/resources/app/out/vs/workbench/workbench.desktop.main.js:616:17514)
    at o.value (vscode-file://vscode-app/c:/Users/david/AppData/Local/Programs/Microsoft%20VS%20Code/resources/app/out/vs/workbench/workbench.desktop.main.js:616:15966)
    at u.y (vscode-file://vscode-app/c:/Users/david/AppData/Local/Programs/Microsoft%20VS%20Code/resources/app/out/vs/workbench/workbench.desktop.main.js:87:1902)
    at u.fire (vscode-file://vscode-app/c:/Users/david/AppData/Local/Programs/Microsoft%20VS%20Code/resources/app/out/vs/workbench/workbench.desktop.main.js:87:2119)
    at o.acceptChunk (vscode-file://vscode-app/c:/Users/david/AppData/Local/Programs/Microsoft%20VS%20Code/resources/app/out/vs/workbench/workbench.desktop.main.js:616:12223)
    at vscode-file://vscode-app/c:/Users/david/AppData/Local/Programs/Microsoft%20VS%20Code/resources/app/out/vs/workbench/workbench.desktop.main.js:616:11510
    at o.value (vscode-file://vscode-app/c:/Users/david/AppData/Local/Programs/Microsoft%20VS%20Code/resources/app/out/vs/workbench/workbench.desktop.main.js:676:4915)
    at u.y (vscode-file://vscode-app/c:/Users/david/AppData/Local/Programs/Microsoft%20VS%20Code/resources/app/out/vs/workbench/workbench.desktop.main.js:87:1902)
    at u.fire (vscode-file://vscode-app/c:/Users/david/AppData/Local/Programs/Microsoft%20VS%20Code/resources/app/out/vs/workbench/workbench.desktop.main.js:87:2119)
    at j.onload (vscode-file://vscode-app/c:/Users/david/AppData/Local/Programs/Microsoft%20VS%20Code/resources/app/out/vs/workbench/workbench.desktop.main.js:676:3306)
2024-01-02 20:52:59.836 [info] ExtensionService#_doActivateExtension vscode.configuration-editing, startup: false, activationEvent: 'onProfile'
2024-01-02 21:03:36.115 [info] ExtensionService#_doActivateExtension vscode.json-language-features, startup: false, activationEvent: 'onLanguage:jsonc'
2024-01-02 21:03:36.116 [info] ExtensionService#_doActivateExtension vscode.typescript-language-features, startup: false, activationEvent: 'onLanguage:jsonc'
